2024-09-20 14:43:24,802 - app - INFO - Rendering QR code page
2024-09-20 14:43:24,900 - app - INFO - Generated QR code
2024-09-20 14:44:45,003 - app - INFO - Rendering secret form page
2024-09-20 14:46:37,356 - app - INFO - Rendering QR code page
2024-09-20 14:46:37,459 - app - INFO - Generated QR code
2024-09-20 17:02:58,138 - app - INFO - Rendering QR code page
2024-09-20 17:02:58,241 - app - INFO - Generated QR code
2024-09-21 00:29:40,869 - app - INFO - Rendering QR code page
2024-09-21 00:29:40,977 - app - INFO - Generated QR code
2024-09-21 00:29:55,346 - app - INFO - Rendering secret form page
2024-09-21 00:30:32,034 - app - INFO - Rendering secret form page
2024-09-21 00:32:07,802 - app - INFO - Reminder set for Medha (medhamaisa404@gmail.com) at '2024-09-20 17:33:00'
2024-09-21 00:32:07,862 - app - INFO - Rendering secret form page
2024-09-21 00:32:09,186 - app - INFO - Email sent to medhamaisa404@gmail.com at '2024-09-20 17:33:00'
2024-09-21 00:53:01,224 - app - INFO - Rendering QR code page
2024-09-21 00:53:01,422 - app - INFO - Generated QR code
2024-09-21 00:53:14,525 - app - INFO - Rendering secret form page
2024-09-21 01:23:34,982 - app - INFO - Rendering QR code page
2024-09-21 01:23:35,206 - app - INFO - Generated QR code
2024-09-21 01:23:44,960 - app - INFO - Rendering secret form page
2024-09-21 01:23:54,254 - app - INFO - Rendering secret form page
2024-09-21 01:28:18,432 - app - INFO - Reminder set for Rohith (rpidugu1@toromail.csudh.edu) at '2024-09-20 18:29:00'
2024-09-21 01:28:18,555 - app - INFO - Rendering secret form page
2024-09-21 01:28:20,108 - app - INFO - Email sent to rpidugu1@toromail.csudh.edu at '2024-09-20 18:29:00'
